<?xml version="1.0" encoding="UTF-8"?>
<testsuite name="DollarCalculatorTest" tests="1" skipped="0" failures="0" errors="0" timestamp="2021-08-04T10:50:22" hostname="YUNs-MacBookPro.local" time="0.518">
  <properties/>
  <testcase name="MockTest()" classname="DollarCalculatorTest" time="0.518"/>
  <system-out><![CDATA[60000
]]></system-out>
  <system-err><![CDATA[]]></system-err>
</testsuite>
